<?xml version="1.0" encoding="UTF-8"?>
<!-- Generated by org.testng.reporters.JUnitReportReporter -->
<testsuite skipped="0" hostname="DESKTOP-N308L1J" name="test.AddCustomerTest" tests="1" failures="0" timestamp="20 Mar 2021 18:59:30 GMT" time="25.330" errors="0">
  <testcase name="validUserShouldBeAbleToAddCustomer" time="25.330" classname="test.AddCustomerTest"/>
</testsuite> <!-- test.AddCustomerTest -->
